----------------------------------------------------------------------------------------------------
------------------------------------ MegaLinter, by OX Security ------------------------------------
----------------------------------------------------------------------------------------------------
 - Image Creation Date: 2023-05-29T09:28:28Z
 - Image Revision: 2b1998e443e5757ace627e9af2094d0f1a2f80b4
 - Image Version: v7.0.3
----------------------------------------------------------------------------------------------------
The MegaLinter documentation can be found at:
 - https://megalinter.io/7.0.3
----------------------------------------------------------------------------------------------------
::group::MegaLinter initialization (expand for details)
MegaLinter will analyze workspace [/github/workspace]
GITHUB_REPOSITORY: jscheytt/dotfiles
GITHUB_REF: refs/pull/9/merge
GITHUB_RUN_ID: 5114476309


[Activation] EDITORCONFIG_EDITORCONFIG_CHECKER has been set inactive, as none of these files has been found: ['.editorconfig']
[Activation] JAVASCRIPT_ES has been set inactive, as none of these files has been found: ['.eslintrc.json', '.eslintrc.yml', '.eslintrc.yaml', '.eslintrc.js', '.eslintrc.cjs', 'package.json:eslintConfig']
[Activation] JSON_NPM_PACKAGE_JSON_LINT has been set inactive, as none of these files has been found: ['package.json']
[Activation] JSX_ESLINT has been set inactive, as none of these files has been found: ['.eslintrc.json', '.eslintrc.yml', '.eslintrc.yaml', '.eslintrc.js', '.eslintrc.cjs', 'package.json:eslintConfig']
[Activation] KUBERNETES_HELM has been set inactive, as none of these files has been found: ['Chart.yml', 'Chart.yaml']
[Activation] KUBERNETES_KUBESCAPE has been set inactive, as none of these files has been found: ['Chart.yml', 'Chart.yaml']
[SemgrepLinter] Deactivated because no ruleset has been defined
[Activation] SPELL_PROSELINT has been set inactive, as none of these files has been found: ['.proselintrc', 'proselint/config.json']
[Activation] SPELL_VALE has been set inactive, as none of these files has been found: ['.vale.ini']
[Activation] SQL_SQLFLUFF has been set inactive, as none of these files has been found: ['.sqlfluff']
[Activation] SWIFT_SWIFTLINT has been set inactive, as none of these files has been found: ['.swiftlint.yml']
[Activation] TSX_ESLINT has been set inactive, as none of these files has been found: ['.eslintrc.json', '.eslintrc.yml', '.eslintrc.yaml', '.eslintrc.js', '.eslintrc.cjs', 'package.json:eslintConfig']
[Activation] TYPESCRIPT_ES has been set inactive, as none of these files has been found: ['.eslintrc.json', '.eslintrc.yml', '.eslintrc.yaml', '.eslintrc.js', '.eslintrc.cjs', 'package.json:eslintConfig']
MARKDOWN_REMARK_LINT has been temporary disabled in MegaLinter, please use a previous MegaLinter version or wait for the next one !
Skipped linters: ANSIBLE_ANSIBLE_LINT, EDITORCONFIG_EDITORCONFIG_CHECKER, JAVASCRIPT_ES, JAVASCRIPT_PRETTIER, JSON_NPM_PACKAGE_JSON_LINT, JSX_ESLINT, KUBERNETES_HELM, KUBERNETES_KUBECONFORM, KUBERNETES_KUBESCAPE, MARKDOWN_REMARK_LINT, REPOSITORY_SEMGREP, SALESFORCE_SFDX_SCANNER_APEX, SALESFORCE_SFDX_SCANNER_AURA, SALESFORCE_SFDX_SCANNER_LWC, SPELL_CSPELL, SPELL_PROSELINT, SPELL_VALE, SQL_SQLFLUFF, SWIFT_SWIFTLINT, TSX_ESLINT, TYPESCRIPT_ES, TYPESCRIPT_PRETTIER
To receive reports as email, please set variable EMAIL_REPORTER_EMAIL
::endgroup::
::group::MegaLinter now collects the files to analyse (expand for details)
Listing updated files in [/github/workspace] using git diff.
Modified files:
files/dotfiles/.oh-my-zsh/custom/functions.sh
- File extensions: , .R, .RMD, .Rmd, .bash, .bicep, .c, .c++, .cc, .cdxml, .clj, .cljc, .cljs, .coffee, .cpp, .cs, .css, .cu, .cuh, .cxx, .dart, .dash, .edn, .env, .feature, .go, .gradle, .graphql, .groovy, .gvy, .h, .h++, .hcl, .hh, .hpp, .htm, .html, .hxx, .java, .js, .json, .json5, .jsonc, .ksh, .kt, .kts, .lua, .md, .nf, .p6, .php, .pl, .pl6, .pm, .pm6, .pp, .proto, .ps1, .ps1xml, .psd1, .psm1, .psrc, .pssc, .py, .r, .raku, .rakumod, .rakutest, .rb, .rs, .rst, .saas, .scala, .scss, .sh, .smk, .sql, .t, .tex, .tf, .ts, .vb, .xml, .yaml, .yml
- File names (regex): Dockerfile, Jenkinsfile, Makefile, Snakefile
- Excluding .gitignored files [0]: 
Kept [1] files on [1] found files

+----MATCHING LINTERS-----+----------------------+----------------+------------+
| Descriptor | Linter     | Criteria             | Matching files | Format/Fix |
+------------+------------+----------------------+----------------+------------+
| BASH       | bash-exec  | .sh|.bash|.dash|.ksh | 1              | no         |
| BASH       | shellcheck | .sh|.bash|.dash|.ksh | 1              | no         |
| BASH       | shfmt      | .sh|.bash|.dash|.ksh | 1              | yes        |
| COPYPASTE  | jscpd      |                      | project        | no         |
| REPOSITORY | checkov    |                      | project        | no         |
| REPOSITORY | devskim    |                      | project        | no         |
| REPOSITORY | dustilock  |                      | project        | no         |
| REPOSITORY | git_diff   |                      | project        | no         |
| REPOSITORY | gitleaks   |                      | project        | no         |
| REPOSITORY | kics       |                      | project        | no         |
| REPOSITORY | secretlint |                      | project        | no         |
| REPOSITORY | syft       |                      | project        | no         |
| REPOSITORY | trivy      |                      | project        | no         |
+------------+------------+----------------------+----------------+------------+
::endgroup::
Processing linters on [2] parallel cores…
::group::[32m✅ Linted [BASH] files with [shfmt] successfully - (0.02s)[0m (expand for details)
- Using [shfmt v3.6.0] https://megalinter.io/7.0.3/descriptors/bash_shfmt
- MegaLinter key: [BASH_SHFMT]
- Rules config: identified by [shfmt]
- Number of files analyzed: [1]
::endgroup::
::group::[32m✅ Linted [REPOSITORY] files with [devskim] successfully - (0.66s)[0m (expand for details)
- Using [devskim v0.7.104] https://megalinter.io/7.0.3/descriptors/repository_devskim
- MegaLinter key: [REPOSITORY_DEVSKIM]
- Rules config: identified by [devskim]
::endgroup::
::group::[32m✅ Linted [REPOSITORY] files with [secretlint] successfully - (0.73s)[0m (expand for details)
- Using [secretlint v6.2.3] https://megalinter.io/7.0.3/descriptors/repository_secretlint
- MegaLinter key: [REPOSITORY_SECRETLINT]
- Rules config: [.secretlintrc.json]
- Ignore file: [.secretlintignore]
::endgroup::
::group::[32m✅ Linted [COPYPASTE] files with [jscpd] successfully - (1.51s)[0m (expand for details)
- Using [jscpd v3.5.9] https://megalinter.io/7.0.3/descriptors/copypaste_jscpd
- MegaLinter key: [COPYPASTE_JSCPD]
- Rules config: [.jscpd.json]
::endgroup::
::group::[32m✅ Linted [REPOSITORY] files with [kics] successfully - (12.56s)[0m (expand for details)
- Using [kics v1.7.1] https://megalinter.io/7.0.3/descriptors/repository_kics
- MegaLinter key: [REPOSITORY_KICS]
- Rules config: identified by [kics]
::endgroup::
::group::[32m✅ Linted [REPOSITORY] files with [checkov] successfully - (11.37s)[0m (expand for details)
- Using [checkov v2.3.261] https://megalinter.io/7.0.3/descriptors/repository_checkov
- MegaLinter key: [REPOSITORY_CHECKOV]
- Rules config: [/github/workspace/.checkov.yml]
::endgroup::
::group::[32m✅ Linted [BASH] files with [bash-exec] successfully - (0.01s)[0m (expand for details)
- Using [bash-exec v5.2.15] https://megalinter.io/7.0.3/descriptors/bash_bash_exec
- MegaLinter key: [BASH_EXEC]
- Rules config: identified by [bash-exec]
- Number of files analyzed: [1]
::endgroup::
::group::[32m✅ Linted [BASH] files with [shellcheck] successfully - (0.19s)[0m (expand for details)
- Using [shellcheck v0.9.0] https://megalinter.io/7.0.3/descriptors/bash_shellcheck
- MegaLinter key: [BASH_SHELLCHECK]
- Rules config: identified by [shellcheck]
- Number of files analyzed: [1]
::endgroup::
::group::[32m✅ Linted [REPOSITORY] files with [dustilock] successfully - (0.03s)[0m (expand for details)
- Using [dustilock v1.2.0] https://megalinter.io/7.0.3/descriptors/repository_dustilock
- MegaLinter key: [REPOSITORY_DUSTILOCK]
- Rules config: identified by [dustilock]
::endgroup::
::group::[32m✅ Linted [REPOSITORY] files with [gitleaks] successfully - (1.47s)[0m (expand for details)
- Using [gitleaks v8.16.3] https://megalinter.io/7.0.3/descriptors/repository_gitleaks
- MegaLinter key: [REPOSITORY_GITLEAKS]
- Rules config: [.gitleaks.toml]
::endgroup::
::group::[32m✅ Linted [REPOSITORY] files with [syft] successfully - (0.39s)[0m (expand for details)
- Using [syft v0.82.0] https://megalinter.io/7.0.3/descriptors/repository_syft
- MegaLinter key: [REPOSITORY_SYFT]
- Rules config: identified by [syft]
::endgroup::
::group::[32m✅ Linted [REPOSITORY] files with [git_diff] successfully - (0.01s)[0m (expand for details)
- Using [git_diff v2.38.5] https://megalinter.io/7.0.3/descriptors/repository_git_diff
- MegaLinter key: [REPOSITORY_GIT_DIFF]
- Rules config: identified by [git_diff]
::endgroup::
::group::[32m✅ Linted [REPOSITORY] files with [trivy] successfully - (3.04s)[0m (expand for details)
- Using [trivy v02.951] https://megalinter.io/7.0.3/descriptors/repository_trivy
- MegaLinter key: [REPOSITORY_TRIVY]
- Rules config: [/github/workspace/trivy.yaml]
::endgroup::

+----SUMMARY----+------------+---------------+-------+-------+--------+--------------+
| Descriptor    | Linter     | Mode          | Files | Fixed | Errors | Elapsed time |
+---------------+------------+---------------+-------+-------+--------+--------------+
| ✅ BASH       | bash-exec  | file          |     1 |       |      0 |        0.01s |
| ✅ BASH       | shellcheck | list_of_files |     1 |       |      0 |        0.19s |
| ✅ BASH       | shfmt      | list_of_files |     1 |     1 |      0 |        0.02s |
| ✅ COPYPASTE  | jscpd      | project       |   n/a |       |      0 |        1.51s |
| ✅ REPOSITORY | checkov    | project       |   n/a |       |      0 |       11.37s |
| ✅ REPOSITORY | devskim    | project       |   n/a |       |      0 |        0.66s |
| ✅ REPOSITORY | dustilock  | project       |   n/a |       |      0 |        0.03s |
| ✅ REPOSITORY | gitleaks   | project       |   n/a |       |      0 |        1.47s |
| ✅ REPOSITORY | git_diff   | project       |   n/a |       |      0 |        0.01s |
| ✅ REPOSITORY | kics       | project       |   n/a |       |      0 |       12.56s |
| ✅ REPOSITORY | secretlint | project       |   n/a |       |      0 |        0.73s |
| ✅ REPOSITORY | syft       | project       |   n/a |       |      0 |        0.39s |
| ✅ REPOSITORY | trivy      | project       |   n/a |       |      0 |        3.04s |
+---------------+------------+---------------+-------+-------+--------+--------------+

[GitHub Comment Reporter] Posted summary as comment on jscheytt/dotfiles #PR9
[Updated Sources Reporter] copied 1 fixed source files in folder /github/workspace/megalinter-reports/updated_sources.
Download it from artifacts then copy-paste it in your local repo to apply linters updates
[32m✅ Successfully linted all files without errors[0m
